# JRE version: Java(TM) SE Runtime Environment (7.0_51-b13) (build 1.7.0_51-b13)
# Java VM: Java HotSpot(TM) Client VM (24.51-b03 mixed mode, sharing windows-x86 )
Heap
 def new generation   total 8640K, used 3045K [0x13830000, 0x14180000, 0x1e2d0000)
  eden space 7744K,  32% used [0x13830000, 0x13aa25b8, 0x13fc0000)
  from space 896K,  60% used [0x140a0000, 0x14127108, 0x14180000)
  to   space 896K,   0% used [0x13fc0000, 0x13fc0000, 0x140a0000)
 tenured generation   total 18952K, used 11370K [0x1e2d0000, 0x1f552000, 0x33830000)
   the space 18952K,  59% used [0x1e2d0000, 0x1edeabd8, 0x1edeac00, 0x1f552000)
 compacting perm gen  total 12800K, used 12630K [0x33830000, 0x344b0000, 0x37830000)
   the space 12800K,  98% used [0x33830000, 0x34485a70, 0x34485c00, 0x344b0000)
    ro space 10240K,  41% used [0x37830000, 0x37c62050, 0x37c62200, 0x38230000)
    rw space 12288K,  52% used [0x38230000, 0x38876800, 0x38876800, 0x38e30000)
GC Heap History (10 events):
Event: 3.028 GC heap before
{Heap before GC invocations=24 (full 1):
 def new generation   total 5824K, used 5429K [0x13830000, 0x13e80000, 0x1e2d0000)
  eden space 5184K, 100% used [0x13830000, 0x13d40000, 0x13d40000)
  from space 640K,  38% used [0x13de0000, 0x13e1d710, 0x13e80000)
  to   space 640K,   0% used [0x13d40000, 0x13d40000, 0x13de0000)
 tenured generation   total 12908K, used 10623K [0x1e2d0000, 0x1ef6b000, 0x33830000)
   the space 12908K,  82% used [0x1e2d0000, 0x1ed2fe10, 0x1ed30000, 0x1ef6b000)
 compacting perm gen  total 12288K, used 11396K [0x33830000, 0x34430000, 0x37830000)
   the space 12288K,  92% used [0x33830000, 0x34351368, 0x34351400, 0x34430000)
    ro space 10240K,  41% used [0x37830000, 0x37c62050, 0x37c62200, 0x38230000)
    rw space 12288K,  52% used [0x38230000, 0x38876800, 0x38876800, 0x38e30000)
Event: 3.037 GC heap after
Heap after GC invocations=25 (full 1):
 def new generation   total 5824K, used 640K [0x13830000, 0x13e80000, 0x1e2d0000)
  eden space 5184K,   0% used [0x13830000, 0x13830000, 0x13d40000)
  from space 640K, 100% used [0x13d40000, 0x13de0000, 0x13de0000)
  to   space 640K,   0% used [0x13de0000, 0x13de0000, 0x13e80000)
 tenured generation   total 12908K, used 11719K [0x1e2d0000, 0x1ef6b000, 0x33830000)
   the space 12908K,  90% used [0x1e2d0000, 0x1ee41d28, 0x1ee41e00, 0x1ef6b000)
 compacting perm gen  total 12288K, used 11396K [0x33830000, 0x34430000, 0x37830000)
   the space 12288K,  92% used [0x33830000, 0x34351368, 0x34351400, 0x34430000)
    ro space 10240K,  41% used [0x37830000, 0x37c62050, 0x37c62200, 0x38230000)
    rw space 12288K,  52% used [0x38230000, 0x38876800, 0x38876800, 0x38e30000)
}
Event: 3.091 GC heap before
{Heap before GC invocations=25 (full 1):
 def new generation   total 5824K, used 5824K [0x13830000, 0x13e80000, 0x1e2d0000)
  eden space 5184K, 100% used [0x13830000, 0x13d40000, 0x13d40000)
  from space 640K, 100% used [0x13d40000, 0x13de0000, 0x13de0000)
  to   space 640K,   0% used [0x13de0000, 0x13de0000, 0x13e80000)
 tenured generation   total 12908K, used 11719K [0x1e2d0000, 0x1ef6b000, 0x33830000)
   the space 12908K,  90% used [0x1e2d0000, 0x1ee41d28, 0x1ee41e00, 0x1ef6b000)
 compacting perm gen  total 12288K, used 11443K [0x33830000, 0x34430000, 0x37830000)
   the space 12288K,  93% used [0x33830000, 0x3435cfc0, 0x3435d000, 0x34430000)
    ro space 10240K,  41% used [0x37830000, 0x37c62050, 0x37c62200, 0x38230000)
    rw space 12288K,  52% used [0x38230000, 0x38876800, 0x38876800, 0x38e30000)
Event: 3.099 GC heap after
Heap after GC invocations=26 (full 1):
 def new generation   total 5824K, used 640K [0x13830000, 0x13e80000, 0x1e2d0000)
  eden space 5184K,   0% used [0x13830000, 0x13830000, 0x13d40000)
  from space 640K, 100% used [0x13de0000, 0x13e80000, 0x13e80000)
  to   space 640K,   0% used [0x13d40000, 0x13d40000, 0x13de0000)
 tenured generation   total 12908K, used 12349K [0x1e2d0000, 0x1ef6b000, 0x33830000)
   the space 12908K,  95% used [0x1e2d0000, 0x1eedf560, 0x1eedf600, 0x1ef6b000)
 compacting perm gen  total 12288K, used 11443K [0x33830000, 0x34430000, 0x37830000)
   the space 12288K,  93% used [0x33830000, 0x3435cfc0, 0x3435d000, 0x34430000)
    ro space 10240K,  41% used [0x37830000, 0x37c62050, 0x37c62200, 0x38230000)
    rw space 12288K,  52% used [0x38230000, 0x38876800, 0x38876800, 0x38e30000)
}
Event: 3.266 GC heap before
{Heap before GC invocations=26 (full 1):
 def new generation   total 5824K, used 4998K [0x13830000, 0x13e80000, 0x1e2d0000)
  eden space 5184K,  84% used [0x13830000, 0x13c718b8, 0x13d40000)
  from space 640K, 100% used [0x13de0000, 0x13e80000, 0x13e80000)
  to   space 640K,   0% used [0x13d40000, 0x13d40000, 0x13de0000)
 tenured generation   total 12908K, used 12349K [0x1e2d0000, 0x1ef6b000, 0x33830000)
   the space 12908K,  95% used [0x1e2d0000, 0x1eedf560, 0x1eedf600, 0x1ef6b000)
 compacting perm gen  total 12288K, used 11817K [0x33830000, 0x34430000, 0x37830000)
   the space 12288K,  96% used [0x33830000, 0x343ba7d0, 0x343ba800, 0x34430000)
    ro space 10240K,  41% used [0x37830000, 0x37c62050, 0x37c62200, 0x38230000)
    rw space 12288K,  52% used [0x38230000, 0x38876800, 0x38876800, 0x38e30000)
Event: 3.274 GC heap after
Heap after GC invocations=27 (full 1):
 def new generation   total 5824K, used 553K [0x13830000, 0x13e80000, 0x1e2d0000)
  eden space 5184K,   0% used [0x13830000, 0x13830000, 0x13d40000)
  from space 640K,  86% used [0x13d40000, 0x13dca458, 0x13de0000)
  to   space 640K,   0% used [0x13de0000, 0x13de0000, 0x13e80000)
 tenured generation   total 12908K, used 12621K [0x1e2d0000, 0x1ef6b000, 0x33830000)
   the space 12908K,  97% used [0x1e2d0000, 0x1ef23668, 0x1ef23800, 0x1ef6b000)
 compacting perm gen  total 12288K, used 11817K [0x33830000, 0x34430000, 0x37830000)
   the space 12288K,  96% used [0x33830000, 0x343ba7d0, 0x343ba800, 0x34430000)
    ro space 10240K,  41% used [0x37830000, 0x37c62050, 0x37c62200, 0x38230000)
    rw space 12288K,  52% used [0x38230000, 0x38876800, 0x38876800, 0x38e30000)
}
Event: 3.330 GC heap before
{Heap before GC invocations=27 (full 1):
 def new generation   total 5824K, used 5737K [0x13830000, 0x13e80000, 0x1e2d0000)
  eden space 5184K, 100% used [0x13830000, 0x13d40000, 0x13d40000)
  from space 640K,  86% used [0x13d40000, 0x13dca458, 0x13de0000)
  to   space 640K,   0% used [0x13de0000, 0x13de0000, 0x13e80000)
 tenured generation   total 12908K, used 12621K [0x1e2d0000, 0x1ef6b000, 0x33830000)
   the space 12908K,  97% used [0x1e2d0000, 0x1ef23668, 0x1ef23800, 0x1ef6b000)
 compacting perm gen  total 12288K, used 11893K [0x33830000, 0x34430000, 0x37830000)
   the space 12288K,  96% used [0x33830000, 0x343cd780, 0x343cd800, 0x34430000)
    ro space 10240K,  41% used [0x37830000, 0x37c62050, 0x37c62200, 0x38230000)
    rw space 12288K,  52% used [0x38230000, 0x38876800, 0x38876800, 0x38e30000)
Event: 3.439 GC heap after
Heap after GC invocations=28 (full 2):
 def new generation   total 8640K, used 0K [0x13830000, 0x14180000, 0x1e2d0000)
  eden space 7744K,   0% used [0x13830000, 0x13830000, 0x13fc0000)
  from space 896K,   0% used [0x13fc0000, 0x13fc0000, 0x140a0000)
  to   space 896K,   0% used [0x140a0000, 0x140a0000, 0x14180000)
 tenured generation   total 18952K, used 11370K [0x1e2d0000, 0x1f552000, 0x33830000)
   the space 18952K,  59% used [0x1e2d0000, 0x1edeabd8, 0x1edeac00, 0x1f552000)
 compacting perm gen  total 12288K, used 11893K [0x33830000, 0x34430000, 0x37830000)
   the space 12288K,  96% used [0x33830000, 0x343cd780, 0x343cd800, 0x34430000)
    ro space 10240K,  41% used [0x37830000, 0x37c62050, 0x37c62200, 0x38230000)
    rw space 12288K,  52% used [0x38230000, 0x38876800, 0x38876800, 0x38e30000)
}
Event: 24.569 GC heap before
{Heap before GC invocations=28 (full 2):
 def new generation   total 8640K, used 7744K [0x13830000, 0x14180000, 0x1e2d0000)
  eden space 7744K, 100% used [0x13830000, 0x13fc0000, 0x13fc0000)
  from space 896K,   0% used [0x13fc0000, 0x13fc0000, 0x140a0000)
  to   space 896K,   0% used [0x140a0000, 0x140a0000, 0x14180000)
 tenured generation   total 18952K, used 11370K [0x1e2d0000, 0x1f552000, 0x33830000)
   the space 18952K,  59% used [0x1e2d0000, 0x1edeabd8, 0x1edeac00, 0x1f552000)
 compacting perm gen  total 12800K, used 12626K [0x33830000, 0x344b0000, 0x37830000)
   the space 12800K,  98% used [0x33830000, 0x344848a8, 0x34484a00, 0x344b0000)
    ro space 10240K,  41% used [0x37830000, 0x37c62050, 0x37c62200, 0x38230000)
    rw space 12288K,  52% used [0x38230000, 0x38876800, 0x38876800, 0x38e30000)
Event: 24.574 GC heap after
Heap after GC invocations=29 (full 2):
 def new generation   total 8640K, used 540K [0x13830000, 0x14180000, 0x1e2d0000)
  eden space 7744K,   0% used [0x13830000, 0x13830000, 0x13fc0000)
  from space 896K,  60% used [0x140a0000, 0x14127108, 0x14180000)
  to   space 896K,   0% used [0x13fc0000, 0x13fc0000, 0x140a0000)
 tenured generation   total 18952K, used 11370K [0x1e2d0000, 0x1f552000, 0x33830000)
   the space 18952K,  59% used [0x1e2d0000, 0x1edeabd8, 0x1edeac00, 0x1f552000)
 compacting perm gen  total 12800K, used 12626K [0x33830000, 0x344b0000, 0x37830000)
   the space 12800K,  98% used [0x33830000, 0x344848a8, 0x34484a00, 0x344b0000)
    ro space 10240K,  41% used [0x37830000, 0x37c62050, 0x37c62200, 0x38230000)
    rw space 12288K,  52% used [0x38230000, 0x38876800, 0x38876800, 0x38e30000)
}

