# JRE version: Java(TM) SE Runtime Environment (7.0_51-b13) (build 1.7.0_51-b13)
# Java VM: Java HotSpot(TM) Client VM (24.51-b03 mixed mode, sharing windows-x86 )
Heap
 def new generation   total 6400K, used 224K [0x13830000, 0x13f20000, 0x1e2d0000)
  eden space 5696K,   1% used [0x13830000, 0x13844da8, 0x13dc0000)
  from space 704K,  20% used [0x13e70000, 0x13e93518, 0x13f20000)
  to   space 704K,   0% used [0x13dc0000, 0x13dc0000, 0x13e70000)
 tenured generation   total 14148K, used 12049K [0x1e2d0000, 0x1f0a1000, 0x33830000)
   the space 14148K,  85% used [0x1e2d0000, 0x1ee94638, 0x1ee94800, 0x1f0a1000)
 compacting perm gen  total 12288K, used 11251K [0x33830000, 0x34430000, 0x37830000)
   the space 12288K,  91% used [0x33830000, 0x3432cec0, 0x3432d000, 0x34430000)
    ro space 10240K,  41% used [0x37830000, 0x37c62050, 0x37c62200, 0x38230000)
    rw space 12288K,  52% used [0x38230000, 0x38876800, 0x38876800, 0x38e30000)
GC Heap History (10 events):
Event: 2.367 GC heap before
{Heap before GC invocations=15 (full 1):
 def new generation   total 6400K, used 5696K [0x13830000, 0x13f20000, 0x1e2d0000)
  eden space 5696K, 100% used [0x13830000, 0x13dc0000, 0x13dc0000)
  from space 704K,   0% used [0x13dc0000, 0x13dc0000, 0x13e70000)
  to   space 704K,   0% used [0x13e70000, 0x13e70000, 0x13f20000)
 tenured generation   total 14148K, used 8487K [0x1e2d0000, 0x1f0a1000, 0x33830000)
   the space 14148K,  59% used [0x1e2d0000, 0x1eb19c48, 0x1eb19e00, 0x1f0a1000)
 compacting perm gen  total 12288K, used 9523K [0x33830000, 0x34430000, 0x37830000)
   the space 12288K,  77% used [0x33830000, 0x3417ce80, 0x3417d000, 0x34430000)
    ro space 10240K,  41% used [0x37830000, 0x37c62050, 0x37c62200, 0x38230000)
    rw space 12288K,  52% used [0x38230000, 0x38876800, 0x38876800, 0x38e30000)
Event: 2.373 GC heap after
Heap after GC invocations=16 (full 1):
 def new generation   total 6400K, used 704K [0x13830000, 0x13f20000, 0x1e2d0000)
  eden space 5696K,   0% used [0x13830000, 0x13830000, 0x13dc0000)
  from space 704K, 100% used [0x13e70000, 0x13f20000, 0x13f20000)
  to   space 704K,   0% used [0x13dc0000, 0x13dc0000, 0x13e70000)
 tenured generation   total 14148K, used 8775K [0x1e2d0000, 0x1f0a1000, 0x33830000)
   the space 14148K,  62% used [0x1e2d0000, 0x1eb61d08, 0x1eb61e00, 0x1f0a1000)
 compacting perm gen  total 12288K, used 9523K [0x33830000, 0x34430000, 0x37830000)
   the space 12288K,  77% used [0x33830000, 0x3417ce80, 0x3417d000, 0x34430000)
    ro space 10240K,  41% used [0x37830000, 0x37c62050, 0x37c62200, 0x38230000)
    rw space 12288K,  52% used [0x38230000, 0x38876800, 0x38876800, 0x38e30000)
}
Event: 2.504 GC heap before
{Heap before GC invocations=16 (full 1):
 def new generation   total 6400K, used 6400K [0x13830000, 0x13f20000, 0x1e2d0000)
  eden space 5696K, 100% used [0x13830000, 0x13dc0000, 0x13dc0000)
  from space 704K, 100% used [0x13e70000, 0x13f20000, 0x13f20000)
  to   space 704K,   0% used [0x13dc0000, 0x13dc0000, 0x13e70000)
 tenured generation   total 14148K, used 8775K [0x1e2d0000, 0x1f0a1000, 0x33830000)
   the space 14148K,  62% used [0x1e2d0000, 0x1eb61d08, 0x1eb61e00, 0x1f0a1000)
 compacting perm gen  total 12288K, used 9850K [0x33830000, 0x34430000, 0x37830000)
   the space 12288K,  80% used [0x33830000, 0x341ce980, 0x341cea00, 0x34430000)
    ro space 10240K,  41% used [0x37830000, 0x37c62050, 0x37c62200, 0x38230000)
    rw space 12288K,  52% used [0x38230000, 0x38876800, 0x38876800, 0x38e30000)
Event: 2.511 GC heap after
Heap after GC invocations=17 (full 1):
 def new generation   total 6400K, used 616K [0x13830000, 0x13f20000, 0x1e2d0000)
  eden space 5696K,   0% used [0x13830000, 0x13830000, 0x13dc0000)
  from space 704K,  87% used [0x13dc0000, 0x13e5a1a8, 0x13e70000)
  to   space 704K,   0% used [0x13e70000, 0x13e70000, 0x13f20000)
 tenured generation   total 14148K, used 9239K [0x1e2d0000, 0x1f0a1000, 0x33830000)
   the space 14148K,  65% used [0x1e2d0000, 0x1ebd5c80, 0x1ebd5e00, 0x1f0a1000)
 compacting perm gen  total 12288K, used 9850K [0x33830000, 0x34430000, 0x37830000)
   the space 12288K,  80% used [0x33830000, 0x341ce980, 0x341cea00, 0x34430000)
    ro space 10240K,  41% used [0x37830000, 0x37c62050, 0x37c62200, 0x38230000)
    rw space 12288K,  52% used [0x38230000, 0x38876800, 0x38876800, 0x38e30000)
}
Event: 9.234 GC heap before
{Heap before GC invocations=17 (full 1):
 def new generation   total 6400K, used 6312K [0x13830000, 0x13f20000, 0x1e2d0000)
  eden space 5696K, 100% used [0x13830000, 0x13dc0000, 0x13dc0000)
  from space 704K,  87% used [0x13dc0000, 0x13e5a1a8, 0x13e70000)
  to   space 704K,   0% used [0x13e70000, 0x13e70000, 0x13f20000)
 tenured generation   total 14148K, used 9239K [0x1e2d0000, 0x1f0a1000, 0x33830000)
   the space 14148K,  65% used [0x1e2d0000, 0x1ebd5c80, 0x1ebd5e00, 0x1f0a1000)
 compacting perm gen  total 12288K, used 10704K [0x33830000, 0x34430000, 0x37830000)
   the space 12288K,  87% used [0x33830000, 0x342a4318, 0x342a4400, 0x34430000)
    ro space 10240K,  41% used [0x37830000, 0x37c62050, 0x37c62200, 0x38230000)
    rw space 12288K,  52% used [0x38230000, 0x38876800, 0x38876800, 0x38e30000)
Event: 9.245 GC heap after
Heap after GC invocations=18 (full 1):
 def new generation   total 6400K, used 703K [0x13830000, 0x13f20000, 0x1e2d0000)
  eden space 5696K,   0% used [0x13830000, 0x13830000, 0x13dc0000)
  from space 704K,  99% used [0x13e70000, 0x13f1fff8, 0x13f20000)
  to   space 704K,   0% used [0x13dc0000, 0x13dc0000, 0x13e70000)
 tenured generation   total 14148K, used 11099K [0x1e2d0000, 0x1f0a1000, 0x33830000)
   the space 14148K,  78% used [0x1e2d0000, 0x1eda6fe8, 0x1eda7000, 0x1f0a1000)
 compacting perm gen  total 12288K, used 10704K [0x33830000, 0x34430000, 0x37830000)
   the space 12288K,  87% used [0x33830000, 0x342a4318, 0x342a4400, 0x34430000)
    ro space 10240K,  41% used [0x37830000, 0x37c62050, 0x37c62200, 0x38230000)
    rw space 12288K,  52% used [0x38230000, 0x38876800, 0x38876800, 0x38e30000)
}
Event: 9.566 GC heap before
{Heap before GC invocations=18 (full 1):
 def new generation   total 6400K, used 6399K [0x13830000, 0x13f20000, 0x1e2d0000)
  eden space 5696K, 100% used [0x13830000, 0x13dc0000, 0x13dc0000)
  from space 704K,  99% used [0x13e70000, 0x13f1fff8, 0x13f20000)
  to   space 704K,   0% used [0x13dc0000, 0x13dc0000, 0x13e70000)
 tenured generation   total 14148K, used 11099K [0x1e2d0000, 0x1f0a1000, 0x33830000)
   the space 14148K,  78% used [0x1e2d0000, 0x1eda6fe8, 0x1eda7000, 0x1f0a1000)
 compacting perm gen  total 12288K, used 11118K [0x33830000, 0x34430000, 0x37830000)
   the space 12288K,  90% used [0x33830000, 0x3430bae0, 0x3430bc00, 0x34430000)
    ro space 10240K,  41% used [0x37830000, 0x37c62050, 0x37c62200, 0x38230000)
    rw space 12288K,  52% used [0x38230000, 0x38876800, 0x38876800, 0x38e30000)
Event: 9.573 GC heap after
Heap after GC invocations=19 (full 1):
 def new generation   total 6400K, used 694K [0x13830000, 0x13f20000, 0x1e2d0000)
  eden space 5696K,   0% used [0x13830000, 0x13830000, 0x13dc0000)
  from space 704K,  98% used [0x13dc0000, 0x13e6db18, 0x13e70000)
  to   space 704K,   0% used [0x13e70000, 0x13e70000, 0x13f20000)
 tenured generation   total 14148K, used 11539K [0x1e2d0000, 0x1f0a1000, 0x33830000)
   the space 14148K,  81% used [0x1e2d0000, 0x1ee14cf8, 0x1ee14e00, 0x1f0a1000)
 compacting perm gen  total 12288K, used 11118K [0x33830000, 0x34430000, 0x37830000)
   the space 12288K,  90% used [0x33830000, 0x3430bae0, 0x3430bc00, 0x34430000)
    ro space 10240K,  41% used [0x37830000, 0x37c62050, 0x37c62200, 0x38230000)
    rw space 12288K,  52% used [0x38230000, 0x38876800, 0x38876800, 0x38e30000)
}
Event: 95.589 GC heap before
{Heap before GC invocations=19 (full 1):
 def new generation   total 6400K, used 6390K [0x13830000, 0x13f20000, 0x1e2d0000)
  eden space 5696K, 100% used [0x13830000, 0x13dc0000, 0x13dc0000)
  from space 704K,  98% used [0x13dc0000, 0x13e6db18, 0x13e70000)
  to   space 704K,   0% used [0x13e70000, 0x13e70000, 0x13f20000)
 tenured generation   total 14148K, used 11539K [0x1e2d0000, 0x1f0a1000, 0x33830000)
   the space 14148K,  81% used [0x1e2d0000, 0x1ee14cf8, 0x1ee14e00, 0x1f0a1000)
 compacting perm gen  total 12288K, used 11249K [0x33830000, 0x34430000, 0x37830000)
   the space 12288K,  91% used [0x33830000, 0x3432c738, 0x3432c800, 0x34430000)
    ro space 10240K,  41% used [0x37830000, 0x37c62050, 0x37c62200, 0x38230000)
    rw space 12288K,  52% used [0x38230000, 0x38876800, 0x38876800, 0x38e30000)
Event: 95.594 GC heap after
Heap after GC invocations=20 (full 1):
 def new generation   total 6400K, used 141K [0x13830000, 0x13f20000, 0x1e2d0000)
  eden space 5696K,   0% used [0x13830000, 0x13830000, 0x13dc0000)
  from space 704K,  20% used [0x13e70000, 0x13e93518, 0x13f20000)
  to   space 704K,   0% used [0x13dc0000, 0x13dc0000, 0x13e70000)
 tenured generation   total 14148K, used 12049K [0x1e2d0000, 0x1f0a1000, 0x33830000)
   the space 14148K,  85% used [0x1e2d0000, 0x1ee94638, 0x1ee94800, 0x1f0a1000)
 compacting perm gen  total 12288K, used 11249K [0x33830000, 0x34430000, 0x37830000)
   the space 12288K,  91% used [0x33830000, 0x3432c738, 0x3432c800, 0x34430000)
    ro space 10240K,  41% used [0x37830000, 0x37c62050, 0x37c62200, 0x38230000)
    rw space 12288K,  52% used [0x38230000, 0x38876800, 0x38876800, 0x38e30000)
}

